# JRE version: OpenJDK Runtime Environment Temurin-17.0.18+8 (17.0.18+8) (build 17.0.18+8)
# Java VM: OpenJDK 64-Bit Server VM Temurin-17.0.18+8 (17.0.18+8, mixed mode, sharing, tiered, compressed oops, compressed class ptrs, g1 gc, windows-amd64)
GC Precious Log:
 CPUs: 8 total, 8 available
 Memory: 7939M
 Large Page Support: Disabled
 NUMA Support: Disabled
 Compressed Oops: Enabled (32-bit)
 Heap Region Size: 1M
 Heap Min Capacity: 8M
 Heap Initial Capacity: 126M
 Heap Max Capacity: 1986M
 Pre-touch: Disabled
 Parallel Workers: 8
 Concurrent Workers: 2
 Concurrent Refinement Workers: 8
 Periodic GC: Disabled
Heap:
 garbage-first heap   total 150528K, used 43495K [0x0000000083e00000, 0x0000000100000000)
  region size 1024K, 2 young (2048K), 1 survivors (1024K)
 Metaspace       used 105028K, committed 106368K, reserved 1179648K
  class space    used 12567K, committed 13184K, reserved 1048576K
GC Heap History (20 events):
Event: 26035.920 GC heap after
{Heap after GC invocations=377 (full 19):
 garbage-first heap   total 155648K, used 45648K [0x0000000083e00000, 0x0000000100000000)
  region size 1024K, 1 young (1024K), 1 survivors (1024K)
 Metaspace       used 104562K, committed 106432K, reserved 1179648K
  class space    used 12589K, committed 13184K, reserved 1048576K
}
Event: 26403.142 GC heap before
{Heap before GC invocations=378 (full 19):
 garbage-first heap   total 155648K, used 131664K [0x0000000083e00000, 0x0000000100000000)
  region size 1024K, 85 young (87040K), 1 survivors (1024K)
 Metaspace       used 104478K, committed 106368K, reserved 1179648K
  class space    used 12568K, committed 13184K, reserved 1048576K
}
Event: 26403.218 GC heap after
{Heap after GC invocations=379 (full 19):
 garbage-first heap   total 155648K, used 45810K [0x0000000083e00000, 0x0000000100000000)
  region size 1024K, 1 young (1024K), 1 survivors (1024K)
 Metaspace       used 104478K, committed 106368K, reserved 1179648K
  class space    used 12568K, committed 13184K, reserved 1048576K
}
Event: 26429.052 GC heap before
{Heap before GC invocations=379 (full 19):
 garbage-first heap   total 155648K, used 51954K [0x0000000083e00000, 0x0000000100000000)
  region size 1024K, 7 young (7168K), 1 survivors (1024K)
 Metaspace       used 104478K, committed 106368K, reserved 1179648K
  class space    used 12568K, committed 13184K, reserved 1048576K
}
Event: 26429.090 GC heap after
{Heap after GC invocations=380 (full 19):
 garbage-first heap   total 155648K, used 43697K [0x0000000083e00000, 0x0000000100000000)
  region size 1024K, 1 young (1024K), 1 survivors (1024K)
 Metaspace       used 104478K, committed 106368K, reserved 1179648K
  class space    used 12568K, committed 13184K, reserved 1048576K
}
Event: 26692.638 GC heap before
{Heap before GC invocations=380 (full 19):
 garbage-first heap   total 155648K, used 132785K [0x0000000083e00000, 0x0000000100000000)
  region size 1024K, 89 young (91136K), 1 survivors (1024K)
 Metaspace       used 104968K, committed 106368K, reserved 1179648K
  class space    used 12571K, committed 13184K, reserved 1048576K
}
Event: 26692.730 GC heap after
{Heap after GC invocations=381 (full 19):
 garbage-first heap   total 155648K, used 44076K [0x0000000083e00000, 0x0000000100000000)
  region size 1024K, 1 young (1024K), 1 survivors (1024K)
 Metaspace       used 104968K, committed 106368K, reserved 1179648K
  class space    used 12571K, committed 13184K, reserved 1048576K
}
Event: 27128.784 GC heap before
{Heap before GC invocations=382 (full 19):
 garbage-first heap   total 153600K, used 135212K [0x0000000083e00000, 0x0000000100000000)
  region size 1024K, 90 young (92160K), 1 survivors (1024K)
 Metaspace       used 105015K, committed 106368K, reserved 1179648K
  class space    used 12566K, committed 13184K, reserved 1048576K
}
Event: 27129.017 GC heap after
{Heap after GC invocations=383 (full 19):
 garbage-first heap   total 153600K, used 44421K [0x0000000083e00000, 0x0000000100000000)
  region size 1024K, 2 young (2048K), 2 survivors (2048K)
 Metaspace       used 105015K, committed 106368K, reserved 1179648K
  class space    used 12566K, committed 13184K, reserved 1048576K
}
Event: 27158.809 GC heap before
{Heap before GC invocations=383 (full 19):
 garbage-first heap   total 153600K, used 49541K [0x0000000083e00000, 0x0000000100000000)
  region size 1024K, 7 young (7168K), 2 survivors (2048K)
 Metaspace       used 105015K, committed 106368K, reserved 1179648K
  class space    used 12566K, committed 13184K, reserved 1048576K
}
Event: 27158.852 GC heap after
{Heap after GC invocations=384 (full 19):
 garbage-first heap   total 153600K, used 43582K [0x0000000083e00000, 0x0000000100000000)
  region size 1024K, 1 young (1024K), 1 survivors (1024K)
 Metaspace       used 105015K, committed 106368K, reserved 1179648K
  class space    used 12566K, committed 13184K, reserved 1048576K
}
Event: 27649.500 GC heap before
{Heap before GC invocations=384 (full 19):
 garbage-first heap   total 153600K, used 132670K [0x0000000083e00000, 0x0000000100000000)
  region size 1024K, 88 young (90112K), 1 survivors (1024K)
 Metaspace       used 105015K, committed 106368K, reserved 1179648K
  class space    used 12566K, committed 13184K, reserved 1048576K
}
Event: 27650.945 GC heap after
{Heap after GC invocations=385 (full 19):
 garbage-first heap   total 153600K, used 43578K [0x0000000083e00000, 0x0000000100000000)
  region size 1024K, 1 young (1024K), 1 survivors (1024K)
 Metaspace       used 105015K, committed 106368K, reserved 1179648K
  class space    used 12566K, committed 13184K, reserved 1048576K
}
Event: 27680.318 GC heap before
{Heap before GC invocations=386 (full 19):
 garbage-first heap   total 153600K, used 49722K [0x0000000083e00000, 0x0000000100000000)
  region size 1024K, 7 young (7168K), 1 survivors (1024K)
 Metaspace       used 105015K, committed 106368K, reserved 1179648K
  class space    used 12566K, committed 13184K, reserved 1048576K
}
Event: 27680.325 GC heap after
{Heap after GC invocations=387 (full 19):
 garbage-first heap   total 153600K, used 43561K [0x0000000083e00000, 0x0000000100000000)
  region size 1024K, 1 young (1024K), 1 survivors (1024K)
 Metaspace       used 105015K, committed 106368K, reserved 1179648K
  class space    used 12566K, committed 13184K, reserved 1048576K
}
Event: 27713.768 GC heap before
{Heap before GC invocations=387 (full 19):
 garbage-first heap   total 153600K, used 49705K [0x0000000083e00000, 0x0000000100000000)
  region size 1024K, 7 young (7168K), 1 survivors (1024K)
 Metaspace       used 105015K, committed 106368K, reserved 1179648K
  class space    used 12566K, committed 13184K, reserved 1048576K
}
Event: 27713.868 GC heap after
{Heap after GC invocations=388 (full 19):
 garbage-first heap   total 153600K, used 42919K [0x0000000083e00000, 0x0000000100000000)
  region size 1024K, 1 young (1024K), 1 survivors (1024K)
 Metaspace       used 105015K, committed 106368K, reserved 1179648K
  class space    used 12566K, committed 13184K, reserved 1048576K
}
Event: 28113.456 GC heap before
{Heap before GC invocations=388 (full 19):
 garbage-first heap   total 153600K, used 134055K [0x0000000083e00000, 0x0000000100000000)
  region size 1024K, 90 young (92160K), 1 survivors (1024K)
 Metaspace       used 105028K, committed 106368K, reserved 1179648K
  class space    used 12567K, committed 13184K, reserved 1048576K
}
Event: 28113.610 GC heap after
{Heap after GC invocations=389 (full 19):
 garbage-first heap   total 153600K, used 43080K [0x0000000083e00000, 0x0000000100000000)
  region size 1024K, 1 young (1024K), 1 survivors (1024K)
 Metaspace       used 105028K, committed 106368K, reserved 1179648K
  class space    used 12567K, committed 13184K, reserved 1048576K
}
Event: 28473.171 GC heap before
{Heap before GC invocations=390 (full 19):
 garbage-first heap   total 150528K, used 132168K [0x0000000083e00000, 0x0000000100000000)
  region size 1024K, 88 young (90112K), 1 survivors (1024K)
 Metaspace       used 105028K, committed 106368K, reserved 1179648K
  class space    used 12567K, committed 13184K, reserved 1048576K
}

